<?xml version="1.0" encoding="UTF-8"?>
<testsuite xmlns:xsi="http://www.w3.org/2001/XMLSchema-instance" xsi:noNamespaceSchemaLocation="https://maven.apache.org/surefire/maven-surefire-plugin/xsd/surefire-test-report-3.0.xsd" version="3.0" name="org.project.banking.service.UserDataLoaderTest" time="0.015" tests="1" errors="0" skipped="0" failures="0">
  <properties>
    <property name="java.specification.version" value="17"/>
    <property name="sun.jnu.encoding" value="UTF-8"/>
    <property name="java.class.path" value="/Users/praloved/projects/credit-card-reco/bank-statement-processor/target/test-classes:/Users/praloved/projects/credit-card-reco/bank-statement-processor/target/classes:/Users/praloved/.m2/repository/org/projectlombok/lombok/1.18.34/lombok-1.18.34.jar:/Users/praloved/.m2/repository/org/junit/jupiter/junit-jupiter/5.12.0-M1/junit-jupiter-5.12.0-M1.jar:/Users/praloved/.m2/repository/org/junit/jupiter/junit-jupiter-api/5.12.0-M1/junit-jupiter-api-5.12.0-M1.jar:/Users/praloved/.m2/repository/org/opentest4j/opentest4j/1.3.0/opentest4j-1.3.0.jar:/Users/praloved/.m2/repository/org/junit/platform/junit-platform-commons/1.12.0-M1/junit-platform-commons-1.12.0-M1.jar:/Users/praloved/.m2/repository/org/apiguardian/apiguardian-api/1.1.2/apiguardian-api-1.1.2.jar:/Users/praloved/.m2/repository/org/junit/jupiter/junit-jupiter-params/5.12.0-M1/junit-jupiter-params-5.12.0-M1.jar:/Users/praloved/.m2/repository/org/junit/jupiter/junit-jupiter-engine/5.12.0-M1/junit-jupiter-engine-5.12.0-M1.jar:/Users/praloved/.m2/repository/org/junit/platform/junit-platform-engine/1.12.0-M1/junit-platform-engine-1.12.0-M1.jar:"/>
    <property name="java.vm.vendor" value="GraalVM Community"/>
    <property name="sun.arch.data.model" value="64"/>
    <property name="java.vendor.url" value="https://www.graalvm.org/"/>
    <property name="user.timezone" value="Asia/Kolkata"/>
    <property name="os.name" value="Mac OS X"/>
    <property name="java.vm.specification.version" value="17"/>
    <property name="sun.java.launcher" value="SUN_STANDARD"/>
    <property name="user.country" value="US"/>
    <property name="sun.boot.library.path" value="/Users/praloved/Library/Java/JavaVirtualMachines/graalvm-ce-17.0.9/Contents/Home/lib"/>
    <property name="sun.java.command" value="/Users/praloved/projects/credit-card-reco/bank-statement-processor/target/surefire/surefirebooter-20250205222416692_3.jar /Users/praloved/projects/credit-card-reco/bank-statement-processor/target/surefire 2025-02-05T22-24-16_638-jvmRun1 surefire-20250205222416692_1tmp surefire_0-20250205222416692_2tmp"/>
    <property name="http.nonProxyHosts" value="local|*.local|169.254/16|*.169.254/16"/>
    <property name="jdk.debug" value="release"/>
    <property name="surefire.test.class.path" value="/Users/praloved/projects/credit-card-reco/bank-statement-processor/target/test-classes:/Users/praloved/projects/credit-card-reco/bank-statement-processor/target/classes:/Users/praloved/.m2/repository/org/projectlombok/lombok/1.18.34/lombok-1.18.34.jar:/Users/praloved/.m2/repository/org/junit/jupiter/junit-jupiter/5.12.0-M1/junit-jupiter-5.12.0-M1.jar:/Users/praloved/.m2/repository/org/junit/jupiter/junit-jupiter-api/5.12.0-M1/junit-jupiter-api-5.12.0-M1.jar:/Users/praloved/.m2/repository/org/opentest4j/opentest4j/1.3.0/opentest4j-1.3.0.jar:/Users/praloved/.m2/repository/org/junit/platform/junit-platform-commons/1.12.0-M1/junit-platform-commons-1.12.0-M1.jar:/Users/praloved/.m2/repository/org/apiguardian/apiguardian-api/1.1.2/apiguardian-api-1.1.2.jar:/Users/praloved/.m2/repository/org/junit/jupiter/junit-jupiter-params/5.12.0-M1/junit-jupiter-params-5.12.0-M1.jar:/Users/praloved/.m2/repository/org/junit/jupiter/junit-jupiter-engine/5.12.0-M1/junit-jupiter-engine-5.12.0-M1.jar:/Users/praloved/.m2/repository/org/junit/platform/junit-platform-engine/1.12.0-M1/junit-platform-engine-1.12.0-M1.jar:"/>
    <property name="sun.cpu.endian" value="little"/>
    <property name="user.home" value="/Users/praloved"/>
    <property name="user.language" value="en"/>
    <property name="java.specification.vendor" value="Oracle Corporation"/>
    <property name="java.version.date" value="2023-10-17"/>
    <property name="java.home" value="/Users/praloved/Library/Java/JavaVirtualMachines/graalvm-ce-17.0.9/Contents/Home"/>
    <property name="file.separator" value="/"/>
    <property name="basedir" value="/Users/praloved/projects/credit-card-reco/bank-statement-processor"/>
    <property name="java.vm.compressedOopsMode" value="Zero based"/>
    <property name="jdk.internal.vm.ci.enabled" value="true"/>
    <property name="line.separator" value="&#10;"/>
    <property name="java.vm.specification.vendor" value="Oracle Corporation"/>
    <property name="java.specification.name" value="Java Platform API Specification"/>
    <property name="apple.awt.application.name" value="ForkedBooter"/>
    <property name="surefire.real.class.path" value="/Users/praloved/projects/credit-card-reco/bank-statement-processor/target/surefire/surefirebooter-20250205222416692_3.jar"/>
    <property name="sun.management.compiler" value="HotSpot 64-Bit Tiered Compilers"/>
    <property name="ftp.nonProxyHosts" value="local|*.local|169.254/16|*.169.254/16"/>
    <property name="java.runtime.version" value="17.0.9+9-jvmci-23.0-b22"/>
    <property name="user.name" value="praloved"/>
    <property name="path.separator" value=":"/>
    <property name="os.version" value="15.3"/>
    <property name="java.runtime.name" value="OpenJDK Runtime Environment"/>
    <property name="file.encoding" value="UTF-8"/>
    <property name="java.vm.name" value="OpenJDK 64-Bit Server VM"/>
    <property name="java.vendor.version" value="GraalVM CE 17.0.9+9.1"/>
    <property name="localRepository" value="/Users/praloved/.m2/repository"/>
    <property name="java.vendor.url.bug" value="https://github.com/oracle/graal/issues"/>
    <property name="java.io.tmpdir" value="/var/folders/w2/8kjhd4gj5zs8zwkf_xkfpp2h0000gn/T/"/>
    <property name="idea.version" value="2024.3.2.2"/>
    <property name="java.version" value="17.0.9"/>
    <property name="user.dir" value="/Users/praloved/projects/credit-card-reco/bank-statement-processor"/>
    <property name="os.arch" value="aarch64"/>
    <property name="java.vm.specification.name" value="Java Virtual Machine Specification"/>
    <property name="native.encoding" value="UTF-8"/>
    <property name="java.library.path" value="/Users/praloved/Library/Java/Extensions:/Library/Java/Extensions:/Network/Library/Java/Extensions:/System/Library/Java/Extensions:/usr/lib/java:."/>
    <property name="java.vm.info" value="mixed mode, sharing"/>
    <property name="java.vendor" value="GraalVM Community"/>
    <property name="java.vm.version" value="17.0.9+9-jvmci-23.0-b22"/>
    <property name="sun.io.unicode.encoding" value="UnicodeBig"/>
    <property name="socksNonProxyHosts" value="local|*.local|169.254/16|*.169.254/16"/>
    <property name="java.class.version" value="61.0"/>
  </properties>
  <testcase name="processUserData" classname="org.project.banking.service.UserDataLoaderTest" time="0.007"/>
</testsuite>